ARM GAS  C:\Users\wfairman\AppData\Local\Temp\ccIVZIhh.s 			page 1


   1              		.cpu cortex-m4
   2              		.eabi_attribute 27, 1
   3              		.eabi_attribute 28, 1
   4              		.eabi_attribute 20, 1
   5              		.eabi_attribute 21, 1
   6              		.eabi_attribute 23, 3
   7              		.eabi_attribute 24, 1
   8              		.eabi_attribute 25, 1
   9              		.eabi_attribute 26, 1
  10              		.eabi_attribute 30, 1
  11              		.eabi_attribute 34, 1
  12              		.eabi_attribute 18, 4
  13              		.file	"stm32f4xx_hal_msp.c"
  14              		.text
  15              	.Ltext0:
  16              		.cfi_sections	.debug_frame
  17              		.section	.text.HAL_MspInit,"ax",%progbits
  18              		.align	1
  19              		.global	HAL_MspInit
  20              		.syntax unified
  21              		.thumb
  22              		.thumb_func
  23              		.fpu fpv4-sp-d16
  25              	HAL_MspInit:
  26              	.LFB130:
  27              		.file 1 "Src/stm32f4xx_hal_msp.c"
   1:Src/stm32f4xx_hal_msp.c **** /* USER CODE BEGIN Header */
   2:Src/stm32f4xx_hal_msp.c **** /**
   3:Src/stm32f4xx_hal_msp.c ****   ******************************************************************************
   4:Src/stm32f4xx_hal_msp.c ****   * File Name          : stm32f4xx_hal_msp.c
   5:Src/stm32f4xx_hal_msp.c ****   * Description        : This file provides code for the MSP Initialization 
   6:Src/stm32f4xx_hal_msp.c ****   *                      and de-Initialization codes.
   7:Src/stm32f4xx_hal_msp.c ****   ******************************************************************************
   8:Src/stm32f4xx_hal_msp.c ****   * @attention
   9:Src/stm32f4xx_hal_msp.c ****   *
  10:Src/stm32f4xx_hal_msp.c ****   * <h2><center>&copy; Copyright (c) 2020 STMicroelectronics.
  11:Src/stm32f4xx_hal_msp.c ****   * All rights reserved.</center></h2>
  12:Src/stm32f4xx_hal_msp.c ****   *
  13:Src/stm32f4xx_hal_msp.c ****   * This software component is licensed by ST under BSD 3-Clause license,
  14:Src/stm32f4xx_hal_msp.c ****   * the "License"; You may not use this file except in compliance with the
  15:Src/stm32f4xx_hal_msp.c ****   * License. You may obtain a copy of the License at:
  16:Src/stm32f4xx_hal_msp.c ****   *                        opensource.org/licenses/BSD-3-Clause
  17:Src/stm32f4xx_hal_msp.c ****   *
  18:Src/stm32f4xx_hal_msp.c ****   ******************************************************************************
  19:Src/stm32f4xx_hal_msp.c ****   */
  20:Src/stm32f4xx_hal_msp.c **** /* USER CODE END Header */
  21:Src/stm32f4xx_hal_msp.c **** 
  22:Src/stm32f4xx_hal_msp.c **** /* Includes ------------------------------------------------------------------*/
  23:Src/stm32f4xx_hal_msp.c **** #include "main.h"
  24:Src/stm32f4xx_hal_msp.c **** /* USER CODE BEGIN Includes */
  25:Src/stm32f4xx_hal_msp.c **** 
  26:Src/stm32f4xx_hal_msp.c **** /* USER CODE END Includes */
  27:Src/stm32f4xx_hal_msp.c **** extern DMA_HandleTypeDef hdma_spi1_rx;
  28:Src/stm32f4xx_hal_msp.c **** 
  29:Src/stm32f4xx_hal_msp.c **** /* Private typedef -----------------------------------------------------------*/
  30:Src/stm32f4xx_hal_msp.c **** /* USER CODE BEGIN TD */
  31:Src/stm32f4xx_hal_msp.c **** 
ARM GAS  C:\Users\wfairman\AppData\Local\Temp\ccIVZIhh.s 			page 2


  32:Src/stm32f4xx_hal_msp.c **** /* USER CODE END TD */
  33:Src/stm32f4xx_hal_msp.c **** 
  34:Src/stm32f4xx_hal_msp.c **** /* Private define ------------------------------------------------------------*/
  35:Src/stm32f4xx_hal_msp.c **** /* USER CODE BEGIN Define */
  36:Src/stm32f4xx_hal_msp.c ****  
  37:Src/stm32f4xx_hal_msp.c **** /* USER CODE END Define */
  38:Src/stm32f4xx_hal_msp.c **** 
  39:Src/stm32f4xx_hal_msp.c **** /* Private macro -------------------------------------------------------------*/
  40:Src/stm32f4xx_hal_msp.c **** /* USER CODE BEGIN Macro */
  41:Src/stm32f4xx_hal_msp.c **** 
  42:Src/stm32f4xx_hal_msp.c **** /* USER CODE END Macro */
  43:Src/stm32f4xx_hal_msp.c **** 
  44:Src/stm32f4xx_hal_msp.c **** /* Private variables ---------------------------------------------------------*/
  45:Src/stm32f4xx_hal_msp.c **** /* USER CODE BEGIN PV */
  46:Src/stm32f4xx_hal_msp.c **** 
  47:Src/stm32f4xx_hal_msp.c **** /* USER CODE END PV */
  48:Src/stm32f4xx_hal_msp.c **** 
  49:Src/stm32f4xx_hal_msp.c **** /* Private function prototypes -----------------------------------------------*/
  50:Src/stm32f4xx_hal_msp.c **** /* USER CODE BEGIN PFP */
  51:Src/stm32f4xx_hal_msp.c **** 
  52:Src/stm32f4xx_hal_msp.c **** /* USER CODE END PFP */
  53:Src/stm32f4xx_hal_msp.c **** 
  54:Src/stm32f4xx_hal_msp.c **** /* External functions --------------------------------------------------------*/
  55:Src/stm32f4xx_hal_msp.c **** /* USER CODE BEGIN ExternalFunctions */
  56:Src/stm32f4xx_hal_msp.c **** 
  57:Src/stm32f4xx_hal_msp.c **** /* USER CODE END ExternalFunctions */
  58:Src/stm32f4xx_hal_msp.c **** 
  59:Src/stm32f4xx_hal_msp.c **** /* USER CODE BEGIN 0 */
  60:Src/stm32f4xx_hal_msp.c **** 
  61:Src/stm32f4xx_hal_msp.c **** /* USER CODE END 0 */
  62:Src/stm32f4xx_hal_msp.c **** /**
  63:Src/stm32f4xx_hal_msp.c ****   * Initializes the Global MSP.
  64:Src/stm32f4xx_hal_msp.c ****   */
  65:Src/stm32f4xx_hal_msp.c **** void HAL_MspInit(void)
  66:Src/stm32f4xx_hal_msp.c **** {
  28              		.loc 1 66 0
  29              		.cfi_startproc
  30              		@ args = 0, pretend = 0, frame = 8
  31              		@ frame_needed = 0, uses_anonymous_args = 0
  32              		@ link register save eliminated.
  33 0000 82B0     		sub	sp, sp, #8
  34              	.LCFI0:
  35              		.cfi_def_cfa_offset 8
  36              	.LBB2:
  67:Src/stm32f4xx_hal_msp.c ****   /* USER CODE BEGIN MspInit 0 */
  68:Src/stm32f4xx_hal_msp.c **** 
  69:Src/stm32f4xx_hal_msp.c ****   /* USER CODE END MspInit 0 */
  70:Src/stm32f4xx_hal_msp.c **** 
  71:Src/stm32f4xx_hal_msp.c ****   __HAL_RCC_SYSCFG_CLK_ENABLE();
  37              		.loc 1 71 0
  38 0002 0021     		movs	r1, #0
  39 0004 0091     		str	r1, [sp]
  40 0006 0B4B     		ldr	r3, .L3
  41 0008 5A6C     		ldr	r2, [r3, #68]
  42 000a 42F48042 		orr	r2, r2, #16384
  43 000e 5A64     		str	r2, [r3, #68]
  44 0010 5A6C     		ldr	r2, [r3, #68]
ARM GAS  C:\Users\wfairman\AppData\Local\Temp\ccIVZIhh.s 			page 3


  45 0012 02F48042 		and	r2, r2, #16384
  46 0016 0092     		str	r2, [sp]
  47 0018 009A     		ldr	r2, [sp]
  48              	.LBE2:
  49              	.LBB3:
  72:Src/stm32f4xx_hal_msp.c ****   __HAL_RCC_PWR_CLK_ENABLE();
  50              		.loc 1 72 0
  51 001a 0191     		str	r1, [sp, #4]
  52 001c 1A6C     		ldr	r2, [r3, #64]
  53 001e 42F08052 		orr	r2, r2, #268435456
  54 0022 1A64     		str	r2, [r3, #64]
  55 0024 1B6C     		ldr	r3, [r3, #64]
  56 0026 03F08053 		and	r3, r3, #268435456
  57 002a 0193     		str	r3, [sp, #4]
  58 002c 019B     		ldr	r3, [sp, #4]
  59              	.LBE3:
  73:Src/stm32f4xx_hal_msp.c **** 
  74:Src/stm32f4xx_hal_msp.c ****   /* System interrupt init*/
  75:Src/stm32f4xx_hal_msp.c **** 
  76:Src/stm32f4xx_hal_msp.c ****   /* USER CODE BEGIN MspInit 1 */
  77:Src/stm32f4xx_hal_msp.c **** 
  78:Src/stm32f4xx_hal_msp.c ****   /* USER CODE END MspInit 1 */
  79:Src/stm32f4xx_hal_msp.c **** }
  60              		.loc 1 79 0
  61 002e 02B0     		add	sp, sp, #8
  62              	.LCFI1:
  63              		.cfi_def_cfa_offset 0
  64              		@ sp needed
  65 0030 7047     		bx	lr
  66              	.L4:
  67 0032 00BF     		.align	2
  68              	.L3:
  69 0034 00380240 		.word	1073887232
  70              		.cfi_endproc
  71              	.LFE130:
  73              		.section	.text.HAL_SPI_MspInit,"ax",%progbits
  74              		.align	1
  75              		.global	HAL_SPI_MspInit
  76              		.syntax unified
  77              		.thumb
  78              		.thumb_func
  79              		.fpu fpv4-sp-d16
  81              	HAL_SPI_MspInit:
  82              	.LFB131:
  80:Src/stm32f4xx_hal_msp.c **** 
  81:Src/stm32f4xx_hal_msp.c **** /**
  82:Src/stm32f4xx_hal_msp.c **** * @brief SPI MSP Initialization
  83:Src/stm32f4xx_hal_msp.c **** * This function configures the hardware resources used in this example
  84:Src/stm32f4xx_hal_msp.c **** * @param hspi: SPI handle pointer
  85:Src/stm32f4xx_hal_msp.c **** * @retval None
  86:Src/stm32f4xx_hal_msp.c **** */
  87:Src/stm32f4xx_hal_msp.c **** void HAL_SPI_MspInit(SPI_HandleTypeDef* hspi)
  88:Src/stm32f4xx_hal_msp.c **** {
  83              		.loc 1 88 0
  84              		.cfi_startproc
  85              		@ args = 0, pretend = 0, frame = 32
  86              		@ frame_needed = 0, uses_anonymous_args = 0
ARM GAS  C:\Users\wfairman\AppData\Local\Temp\ccIVZIhh.s 			page 4


  87              	.LVL0:
  88 0000 30B5     		push	{r4, r5, lr}
  89              	.LCFI2:
  90              		.cfi_def_cfa_offset 12
  91              		.cfi_offset 4, -12
  92              		.cfi_offset 5, -8
  93              		.cfi_offset 14, -4
  94 0002 89B0     		sub	sp, sp, #36
  95              	.LCFI3:
  96              		.cfi_def_cfa_offset 48
  89:Src/stm32f4xx_hal_msp.c ****   GPIO_InitTypeDef GPIO_InitStruct = {0};
  97              		.loc 1 89 0
  98 0004 0023     		movs	r3, #0
  99 0006 0393     		str	r3, [sp, #12]
 100 0008 0493     		str	r3, [sp, #16]
 101 000a 0593     		str	r3, [sp, #20]
 102 000c 0693     		str	r3, [sp, #24]
 103 000e 0793     		str	r3, [sp, #28]
  90:Src/stm32f4xx_hal_msp.c ****   if(hspi->Instance==SPI1)
 104              		.loc 1 90 0
 105 0010 0268     		ldr	r2, [r0]
 106 0012 214B     		ldr	r3, .L11
 107 0014 9A42     		cmp	r2, r3
 108 0016 01D0     		beq	.L9
 109              	.LVL1:
 110              	.L5:
  91:Src/stm32f4xx_hal_msp.c ****   {
  92:Src/stm32f4xx_hal_msp.c ****   /* USER CODE BEGIN SPI1_MspInit 0 */
  93:Src/stm32f4xx_hal_msp.c **** 
  94:Src/stm32f4xx_hal_msp.c ****   /* USER CODE END SPI1_MspInit 0 */
  95:Src/stm32f4xx_hal_msp.c ****     /* Peripheral clock enable */
  96:Src/stm32f4xx_hal_msp.c ****     __HAL_RCC_SPI1_CLK_ENABLE();
  97:Src/stm32f4xx_hal_msp.c ****   
  98:Src/stm32f4xx_hal_msp.c ****     __HAL_RCC_GPIOA_CLK_ENABLE();
  99:Src/stm32f4xx_hal_msp.c ****     /**SPI1 GPIO Configuration    
 100:Src/stm32f4xx_hal_msp.c ****     PA5     ------> SPI1_SCK
 101:Src/stm32f4xx_hal_msp.c ****     PA6     ------> SPI1_MISO
 102:Src/stm32f4xx_hal_msp.c ****     PA7     ------> SPI1_MOSI 
 103:Src/stm32f4xx_hal_msp.c ****     */
 104:Src/stm32f4xx_hal_msp.c ****     GPIO_InitStruct.Pin = GPIO_PIN_5|GPIO_PIN_6|GPIO_PIN_7;
 105:Src/stm32f4xx_hal_msp.c ****     GPIO_InitStruct.Mode = GPIO_MODE_AF_PP;
 106:Src/stm32f4xx_hal_msp.c ****     GPIO_InitStruct.Pull = GPIO_NOPULL;
 107:Src/stm32f4xx_hal_msp.c ****     GPIO_InitStruct.Speed = GPIO_SPEED_FREQ_VERY_HIGH;
 108:Src/stm32f4xx_hal_msp.c ****     GPIO_InitStruct.Alternate = GPIO_AF5_SPI1;
 109:Src/stm32f4xx_hal_msp.c ****     HAL_GPIO_Init(GPIOA, &GPIO_InitStruct);
 110:Src/stm32f4xx_hal_msp.c **** 
 111:Src/stm32f4xx_hal_msp.c ****     /* SPI1 DMA Init */
 112:Src/stm32f4xx_hal_msp.c ****     /* SPI1_RX Init */
 113:Src/stm32f4xx_hal_msp.c ****     hdma_spi1_rx.Instance = DMA2_Stream0;
 114:Src/stm32f4xx_hal_msp.c ****     hdma_spi1_rx.Init.Channel = DMA_CHANNEL_3;
 115:Src/stm32f4xx_hal_msp.c ****     hdma_spi1_rx.Init.Direction = DMA_PERIPH_TO_MEMORY;
 116:Src/stm32f4xx_hal_msp.c ****     hdma_spi1_rx.Init.PeriphInc = DMA_PINC_DISABLE;
 117:Src/stm32f4xx_hal_msp.c ****     hdma_spi1_rx.Init.MemInc = DMA_MINC_ENABLE;
 118:Src/stm32f4xx_hal_msp.c ****     hdma_spi1_rx.Init.PeriphDataAlignment = DMA_PDATAALIGN_BYTE;
 119:Src/stm32f4xx_hal_msp.c ****     hdma_spi1_rx.Init.MemDataAlignment = DMA_MDATAALIGN_BYTE;
 120:Src/stm32f4xx_hal_msp.c ****     hdma_spi1_rx.Init.Mode = DMA_NORMAL;
 121:Src/stm32f4xx_hal_msp.c ****     hdma_spi1_rx.Init.Priority = DMA_PRIORITY_LOW;
ARM GAS  C:\Users\wfairman\AppData\Local\Temp\ccIVZIhh.s 			page 5


 122:Src/stm32f4xx_hal_msp.c ****     hdma_spi1_rx.Init.FIFOMode = DMA_FIFOMODE_DISABLE;
 123:Src/stm32f4xx_hal_msp.c ****     if (HAL_DMA_Init(&hdma_spi1_rx) != HAL_OK)
 124:Src/stm32f4xx_hal_msp.c ****     {
 125:Src/stm32f4xx_hal_msp.c ****       Error_Handler();
 126:Src/stm32f4xx_hal_msp.c ****     }
 127:Src/stm32f4xx_hal_msp.c **** 
 128:Src/stm32f4xx_hal_msp.c ****     __HAL_LINKDMA(hspi,hdmarx,hdma_spi1_rx);
 129:Src/stm32f4xx_hal_msp.c **** 
 130:Src/stm32f4xx_hal_msp.c ****   /* USER CODE BEGIN SPI1_MspInit 1 */
 131:Src/stm32f4xx_hal_msp.c **** 
 132:Src/stm32f4xx_hal_msp.c ****   /* USER CODE END SPI1_MspInit 1 */
 133:Src/stm32f4xx_hal_msp.c ****   }
 134:Src/stm32f4xx_hal_msp.c **** 
 135:Src/stm32f4xx_hal_msp.c **** }
 111              		.loc 1 135 0
 112 0018 09B0     		add	sp, sp, #36
 113              	.LCFI4:
 114              		.cfi_remember_state
 115              		.cfi_def_cfa_offset 12
 116              		@ sp needed
 117 001a 30BD     		pop	{r4, r5, pc}
 118              	.LVL2:
 119              	.L9:
 120              	.LCFI5:
 121              		.cfi_restore_state
 122 001c 0446     		mov	r4, r0
 123              	.LBB4:
  96:Src/stm32f4xx_hal_msp.c ****   
 124              		.loc 1 96 0
 125 001e 0025     		movs	r5, #0
 126 0020 0195     		str	r5, [sp, #4]
 127 0022 03F58433 		add	r3, r3, #67584
 128 0026 5A6C     		ldr	r2, [r3, #68]
 129 0028 42F48052 		orr	r2, r2, #4096
 130 002c 5A64     		str	r2, [r3, #68]
 131 002e 5A6C     		ldr	r2, [r3, #68]
 132 0030 02F48052 		and	r2, r2, #4096
 133 0034 0192     		str	r2, [sp, #4]
 134 0036 019A     		ldr	r2, [sp, #4]
 135              	.LBE4:
 136              	.LBB5:
  98:Src/stm32f4xx_hal_msp.c ****     /**SPI1 GPIO Configuration    
 137              		.loc 1 98 0
 138 0038 0295     		str	r5, [sp, #8]
 139 003a 1A6B     		ldr	r2, [r3, #48]
 140 003c 42F00102 		orr	r2, r2, #1
 141 0040 1A63     		str	r2, [r3, #48]
 142 0042 1B6B     		ldr	r3, [r3, #48]
 143 0044 03F00103 		and	r3, r3, #1
 144 0048 0293     		str	r3, [sp, #8]
 145 004a 029B     		ldr	r3, [sp, #8]
 146              	.LBE5:
 104:Src/stm32f4xx_hal_msp.c ****     GPIO_InitStruct.Mode = GPIO_MODE_AF_PP;
 147              		.loc 1 104 0
 148 004c E023     		movs	r3, #224
 149 004e 0393     		str	r3, [sp, #12]
 105:Src/stm32f4xx_hal_msp.c ****     GPIO_InitStruct.Pull = GPIO_NOPULL;
ARM GAS  C:\Users\wfairman\AppData\Local\Temp\ccIVZIhh.s 			page 6


 150              		.loc 1 105 0
 151 0050 0223     		movs	r3, #2
 152 0052 0493     		str	r3, [sp, #16]
 107:Src/stm32f4xx_hal_msp.c ****     GPIO_InitStruct.Alternate = GPIO_AF5_SPI1;
 153              		.loc 1 107 0
 154 0054 0323     		movs	r3, #3
 155 0056 0693     		str	r3, [sp, #24]
 108:Src/stm32f4xx_hal_msp.c ****     HAL_GPIO_Init(GPIOA, &GPIO_InitStruct);
 156              		.loc 1 108 0
 157 0058 0523     		movs	r3, #5
 158 005a 0793     		str	r3, [sp, #28]
 109:Src/stm32f4xx_hal_msp.c **** 
 159              		.loc 1 109 0
 160 005c 03A9     		add	r1, sp, #12
 161 005e 0F48     		ldr	r0, .L11+4
 162              	.LVL3:
 163 0060 FFF7FEFF 		bl	HAL_GPIO_Init
 164              	.LVL4:
 113:Src/stm32f4xx_hal_msp.c ****     hdma_spi1_rx.Init.Channel = DMA_CHANNEL_3;
 165              		.loc 1 113 0
 166 0064 0E48     		ldr	r0, .L11+8
 167 0066 0F4B     		ldr	r3, .L11+12
 168 0068 0360     		str	r3, [r0]
 114:Src/stm32f4xx_hal_msp.c ****     hdma_spi1_rx.Init.Direction = DMA_PERIPH_TO_MEMORY;
 169              		.loc 1 114 0
 170 006a 4FF0C063 		mov	r3, #100663296
 171 006e 4360     		str	r3, [r0, #4]
 115:Src/stm32f4xx_hal_msp.c ****     hdma_spi1_rx.Init.PeriphInc = DMA_PINC_DISABLE;
 172              		.loc 1 115 0
 173 0070 8560     		str	r5, [r0, #8]
 116:Src/stm32f4xx_hal_msp.c ****     hdma_spi1_rx.Init.MemInc = DMA_MINC_ENABLE;
 174              		.loc 1 116 0
 175 0072 C560     		str	r5, [r0, #12]
 117:Src/stm32f4xx_hal_msp.c ****     hdma_spi1_rx.Init.PeriphDataAlignment = DMA_PDATAALIGN_BYTE;
 176              		.loc 1 117 0
 177 0074 4FF48063 		mov	r3, #1024
 178 0078 0361     		str	r3, [r0, #16]
 118:Src/stm32f4xx_hal_msp.c ****     hdma_spi1_rx.Init.MemDataAlignment = DMA_MDATAALIGN_BYTE;
 179              		.loc 1 118 0
 180 007a 4561     		str	r5, [r0, #20]
 119:Src/stm32f4xx_hal_msp.c ****     hdma_spi1_rx.Init.Mode = DMA_NORMAL;
 181              		.loc 1 119 0
 182 007c 8561     		str	r5, [r0, #24]
 120:Src/stm32f4xx_hal_msp.c ****     hdma_spi1_rx.Init.Priority = DMA_PRIORITY_LOW;
 183              		.loc 1 120 0
 184 007e C561     		str	r5, [r0, #28]
 121:Src/stm32f4xx_hal_msp.c ****     hdma_spi1_rx.Init.FIFOMode = DMA_FIFOMODE_DISABLE;
 185              		.loc 1 121 0
 186 0080 0562     		str	r5, [r0, #32]
 122:Src/stm32f4xx_hal_msp.c ****     if (HAL_DMA_Init(&hdma_spi1_rx) != HAL_OK)
 187              		.loc 1 122 0
 188 0082 4562     		str	r5, [r0, #36]
 123:Src/stm32f4xx_hal_msp.c ****     {
 189              		.loc 1 123 0
 190 0084 FFF7FEFF 		bl	HAL_DMA_Init
 191              	.LVL5:
 192 0088 18B9     		cbnz	r0, .L10
ARM GAS  C:\Users\wfairman\AppData\Local\Temp\ccIVZIhh.s 			page 7


 193              	.L7:
 128:Src/stm32f4xx_hal_msp.c **** 
 194              		.loc 1 128 0
 195 008a 054B     		ldr	r3, .L11+8
 196 008c E364     		str	r3, [r4, #76]
 197 008e 9C63     		str	r4, [r3, #56]
 198              		.loc 1 135 0
 199 0090 C2E7     		b	.L5
 200              	.L10:
 125:Src/stm32f4xx_hal_msp.c ****     }
 201              		.loc 1 125 0
 202 0092 FFF7FEFF 		bl	Error_Handler
 203              	.LVL6:
 204 0096 F8E7     		b	.L7
 205              	.L12:
 206              		.align	2
 207              	.L11:
 208 0098 00300140 		.word	1073819648
 209 009c 00000240 		.word	1073872896
 210 00a0 00000000 		.word	hdma_spi1_rx
 211 00a4 10640240 		.word	1073898512
 212              		.cfi_endproc
 213              	.LFE131:
 215              		.section	.text.HAL_SPI_MspDeInit,"ax",%progbits
 216              		.align	1
 217              		.global	HAL_SPI_MspDeInit
 218              		.syntax unified
 219              		.thumb
 220              		.thumb_func
 221              		.fpu fpv4-sp-d16
 223              	HAL_SPI_MspDeInit:
 224              	.LFB132:
 136:Src/stm32f4xx_hal_msp.c **** 
 137:Src/stm32f4xx_hal_msp.c **** /**
 138:Src/stm32f4xx_hal_msp.c **** * @brief SPI MSP De-Initialization
 139:Src/stm32f4xx_hal_msp.c **** * This function freeze the hardware resources used in this example
 140:Src/stm32f4xx_hal_msp.c **** * @param hspi: SPI handle pointer
 141:Src/stm32f4xx_hal_msp.c **** * @retval None
 142:Src/stm32f4xx_hal_msp.c **** */
 143:Src/stm32f4xx_hal_msp.c **** void HAL_SPI_MspDeInit(SPI_HandleTypeDef* hspi)
 144:Src/stm32f4xx_hal_msp.c **** {
 225              		.loc 1 144 0
 226              		.cfi_startproc
 227              		@ args = 0, pretend = 0, frame = 0
 228              		@ frame_needed = 0, uses_anonymous_args = 0
 229              	.LVL7:
 145:Src/stm32f4xx_hal_msp.c ****   if(hspi->Instance==SPI1)
 230              		.loc 1 145 0
 231 0000 0268     		ldr	r2, [r0]
 232 0002 094B     		ldr	r3, .L20
 233 0004 9A42     		cmp	r2, r3
 234 0006 00D0     		beq	.L19
 235 0008 7047     		bx	lr
 236              	.L19:
 144:Src/stm32f4xx_hal_msp.c ****   if(hspi->Instance==SPI1)
 237              		.loc 1 144 0
 238 000a 10B5     		push	{r4, lr}
ARM GAS  C:\Users\wfairman\AppData\Local\Temp\ccIVZIhh.s 			page 8


 239              	.LCFI6:
 240              		.cfi_def_cfa_offset 8
 241              		.cfi_offset 4, -8
 242              		.cfi_offset 14, -4
 243 000c 0446     		mov	r4, r0
 146:Src/stm32f4xx_hal_msp.c ****   {
 147:Src/stm32f4xx_hal_msp.c ****   /* USER CODE BEGIN SPI1_MspDeInit 0 */
 148:Src/stm32f4xx_hal_msp.c **** 
 149:Src/stm32f4xx_hal_msp.c ****   /* USER CODE END SPI1_MspDeInit 0 */
 150:Src/stm32f4xx_hal_msp.c ****     /* Peripheral clock disable */
 151:Src/stm32f4xx_hal_msp.c ****     __HAL_RCC_SPI1_CLK_DISABLE();
 244              		.loc 1 151 0
 245 000e 074A     		ldr	r2, .L20+4
 246 0010 536C     		ldr	r3, [r2, #68]
 247 0012 23F48053 		bic	r3, r3, #4096
 248 0016 5364     		str	r3, [r2, #68]
 152:Src/stm32f4xx_hal_msp.c ****   
 153:Src/stm32f4xx_hal_msp.c ****     /**SPI1 GPIO Configuration    
 154:Src/stm32f4xx_hal_msp.c ****     PA5     ------> SPI1_SCK
 155:Src/stm32f4xx_hal_msp.c ****     PA6     ------> SPI1_MISO
 156:Src/stm32f4xx_hal_msp.c ****     PA7     ------> SPI1_MOSI 
 157:Src/stm32f4xx_hal_msp.c ****     */
 158:Src/stm32f4xx_hal_msp.c ****     HAL_GPIO_DeInit(GPIOA, GPIO_PIN_5|GPIO_PIN_6|GPIO_PIN_7);
 249              		.loc 1 158 0
 250 0018 E021     		movs	r1, #224
 251 001a 0548     		ldr	r0, .L20+8
 252              	.LVL8:
 253 001c FFF7FEFF 		bl	HAL_GPIO_DeInit
 254              	.LVL9:
 159:Src/stm32f4xx_hal_msp.c **** 
 160:Src/stm32f4xx_hal_msp.c ****     /* SPI1 DMA DeInit */
 161:Src/stm32f4xx_hal_msp.c ****     HAL_DMA_DeInit(hspi->hdmarx);
 255              		.loc 1 161 0
 256 0020 E06C     		ldr	r0, [r4, #76]
 257 0022 FFF7FEFF 		bl	HAL_DMA_DeInit
 258              	.LVL10:
 162:Src/stm32f4xx_hal_msp.c ****   /* USER CODE BEGIN SPI1_MspDeInit 1 */
 163:Src/stm32f4xx_hal_msp.c **** 
 164:Src/stm32f4xx_hal_msp.c ****   /* USER CODE END SPI1_MspDeInit 1 */
 165:Src/stm32f4xx_hal_msp.c ****   }
 166:Src/stm32f4xx_hal_msp.c **** 
 167:Src/stm32f4xx_hal_msp.c **** }
 259              		.loc 1 167 0
 260 0026 10BD     		pop	{r4, pc}
 261              	.LVL11:
 262              	.L21:
 263              		.align	2
 264              	.L20:
 265 0028 00300140 		.word	1073819648
 266 002c 00380240 		.word	1073887232
 267 0030 00000240 		.word	1073872896
 268              		.cfi_endproc
 269              	.LFE132:
 271              		.section	.text.HAL_UART_MspInit,"ax",%progbits
 272              		.align	1
 273              		.global	HAL_UART_MspInit
 274              		.syntax unified
ARM GAS  C:\Users\wfairman\AppData\Local\Temp\ccIVZIhh.s 			page 9


 275              		.thumb
 276              		.thumb_func
 277              		.fpu fpv4-sp-d16
 279              	HAL_UART_MspInit:
 280              	.LFB133:
 168:Src/stm32f4xx_hal_msp.c **** 
 169:Src/stm32f4xx_hal_msp.c **** /**
 170:Src/stm32f4xx_hal_msp.c **** * @brief UART MSP Initialization
 171:Src/stm32f4xx_hal_msp.c **** * This function configures the hardware resources used in this example
 172:Src/stm32f4xx_hal_msp.c **** * @param huart: UART handle pointer
 173:Src/stm32f4xx_hal_msp.c **** * @retval None
 174:Src/stm32f4xx_hal_msp.c **** */
 175:Src/stm32f4xx_hal_msp.c **** void HAL_UART_MspInit(UART_HandleTypeDef* huart)
 176:Src/stm32f4xx_hal_msp.c **** {
 281              		.loc 1 176 0
 282              		.cfi_startproc
 283              		@ args = 0, pretend = 0, frame = 32
 284              		@ frame_needed = 0, uses_anonymous_args = 0
 285              	.LVL12:
 286 0000 00B5     		push	{lr}
 287              	.LCFI7:
 288              		.cfi_def_cfa_offset 4
 289              		.cfi_offset 14, -4
 290 0002 89B0     		sub	sp, sp, #36
 291              	.LCFI8:
 292              		.cfi_def_cfa_offset 40
 177:Src/stm32f4xx_hal_msp.c ****   GPIO_InitTypeDef GPIO_InitStruct = {0};
 293              		.loc 1 177 0
 294 0004 0023     		movs	r3, #0
 295 0006 0393     		str	r3, [sp, #12]
 296 0008 0493     		str	r3, [sp, #16]
 297 000a 0593     		str	r3, [sp, #20]
 298 000c 0693     		str	r3, [sp, #24]
 299 000e 0793     		str	r3, [sp, #28]
 178:Src/stm32f4xx_hal_msp.c ****   if(huart->Instance==UART7)
 300              		.loc 1 178 0
 301 0010 0268     		ldr	r2, [r0]
 302 0012 164B     		ldr	r3, .L26
 303 0014 9A42     		cmp	r2, r3
 304 0016 02D0     		beq	.L25
 305              	.LVL13:
 306              	.L22:
 179:Src/stm32f4xx_hal_msp.c ****   {
 180:Src/stm32f4xx_hal_msp.c ****   /* USER CODE BEGIN UART7_MspInit 0 */
 181:Src/stm32f4xx_hal_msp.c **** 
 182:Src/stm32f4xx_hal_msp.c ****   /* USER CODE END UART7_MspInit 0 */
 183:Src/stm32f4xx_hal_msp.c ****     /* Peripheral clock enable */
 184:Src/stm32f4xx_hal_msp.c ****     __HAL_RCC_UART7_CLK_ENABLE();
 185:Src/stm32f4xx_hal_msp.c ****   
 186:Src/stm32f4xx_hal_msp.c ****     __HAL_RCC_GPIOE_CLK_ENABLE();
 187:Src/stm32f4xx_hal_msp.c ****     /**UART7 GPIO Configuration    
 188:Src/stm32f4xx_hal_msp.c ****     PE7     ------> UART7_RX
 189:Src/stm32f4xx_hal_msp.c ****     PE8     ------> UART7_TX 
 190:Src/stm32f4xx_hal_msp.c ****     */
 191:Src/stm32f4xx_hal_msp.c ****     GPIO_InitStruct.Pin = GPIO_PIN_7|GPIO_PIN_8;
 192:Src/stm32f4xx_hal_msp.c ****     GPIO_InitStruct.Mode = GPIO_MODE_AF_PP;
 193:Src/stm32f4xx_hal_msp.c ****     GPIO_InitStruct.Pull = GPIO_PULLUP;
ARM GAS  C:\Users\wfairman\AppData\Local\Temp\ccIVZIhh.s 			page 10


 194:Src/stm32f4xx_hal_msp.c ****     GPIO_InitStruct.Speed = GPIO_SPEED_FREQ_VERY_HIGH;
 195:Src/stm32f4xx_hal_msp.c ****     GPIO_InitStruct.Alternate = GPIO_AF8_UART7;
 196:Src/stm32f4xx_hal_msp.c ****     HAL_GPIO_Init(GPIOE, &GPIO_InitStruct);
 197:Src/stm32f4xx_hal_msp.c **** 
 198:Src/stm32f4xx_hal_msp.c ****   /* USER CODE BEGIN UART7_MspInit 1 */
 199:Src/stm32f4xx_hal_msp.c **** 
 200:Src/stm32f4xx_hal_msp.c ****   /* USER CODE END UART7_MspInit 1 */
 201:Src/stm32f4xx_hal_msp.c ****   }
 202:Src/stm32f4xx_hal_msp.c **** 
 203:Src/stm32f4xx_hal_msp.c **** }
 307              		.loc 1 203 0
 308 0018 09B0     		add	sp, sp, #36
 309              	.LCFI9:
 310              		.cfi_remember_state
 311              		.cfi_def_cfa_offset 4
 312              		@ sp needed
 313 001a 5DF804FB 		ldr	pc, [sp], #4
 314              	.LVL14:
 315              	.L25:
 316              	.LCFI10:
 317              		.cfi_restore_state
 318              	.LBB6:
 184:Src/stm32f4xx_hal_msp.c ****   
 319              		.loc 1 184 0
 320 001e 0021     		movs	r1, #0
 321 0020 0191     		str	r1, [sp, #4]
 322 0022 03F5E033 		add	r3, r3, #114688
 323 0026 1A6C     		ldr	r2, [r3, #64]
 324 0028 42F08042 		orr	r2, r2, #1073741824
 325 002c 1A64     		str	r2, [r3, #64]
 326 002e 1A6C     		ldr	r2, [r3, #64]
 327 0030 02F08042 		and	r2, r2, #1073741824
 328 0034 0192     		str	r2, [sp, #4]
 329 0036 019A     		ldr	r2, [sp, #4]
 330              	.LBE6:
 331              	.LBB7:
 186:Src/stm32f4xx_hal_msp.c ****     /**UART7 GPIO Configuration    
 332              		.loc 1 186 0
 333 0038 0291     		str	r1, [sp, #8]
 334 003a 1A6B     		ldr	r2, [r3, #48]
 335 003c 42F01002 		orr	r2, r2, #16
 336 0040 1A63     		str	r2, [r3, #48]
 337 0042 1B6B     		ldr	r3, [r3, #48]
 338 0044 03F01003 		and	r3, r3, #16
 339 0048 0293     		str	r3, [sp, #8]
 340 004a 029B     		ldr	r3, [sp, #8]
 341              	.LBE7:
 191:Src/stm32f4xx_hal_msp.c ****     GPIO_InitStruct.Mode = GPIO_MODE_AF_PP;
 342              		.loc 1 191 0
 343 004c 4FF4C073 		mov	r3, #384
 344 0050 0393     		str	r3, [sp, #12]
 192:Src/stm32f4xx_hal_msp.c ****     GPIO_InitStruct.Pull = GPIO_PULLUP;
 345              		.loc 1 192 0
 346 0052 0223     		movs	r3, #2
 347 0054 0493     		str	r3, [sp, #16]
 193:Src/stm32f4xx_hal_msp.c ****     GPIO_InitStruct.Speed = GPIO_SPEED_FREQ_VERY_HIGH;
 348              		.loc 1 193 0
ARM GAS  C:\Users\wfairman\AppData\Local\Temp\ccIVZIhh.s 			page 11


 349 0056 0123     		movs	r3, #1
 350 0058 0593     		str	r3, [sp, #20]
 194:Src/stm32f4xx_hal_msp.c ****     GPIO_InitStruct.Alternate = GPIO_AF8_UART7;
 351              		.loc 1 194 0
 352 005a 0323     		movs	r3, #3
 353 005c 0693     		str	r3, [sp, #24]
 195:Src/stm32f4xx_hal_msp.c ****     HAL_GPIO_Init(GPIOE, &GPIO_InitStruct);
 354              		.loc 1 195 0
 355 005e 0823     		movs	r3, #8
 356 0060 0793     		str	r3, [sp, #28]
 196:Src/stm32f4xx_hal_msp.c **** 
 357              		.loc 1 196 0
 358 0062 03A9     		add	r1, sp, #12
 359 0064 0248     		ldr	r0, .L26+4
 360              	.LVL15:
 361 0066 FFF7FEFF 		bl	HAL_GPIO_Init
 362              	.LVL16:
 363              		.loc 1 203 0
 364 006a D5E7     		b	.L22
 365              	.L27:
 366              		.align	2
 367              	.L26:
 368 006c 00780040 		.word	1073772544
 369 0070 00100240 		.word	1073876992
 370              		.cfi_endproc
 371              	.LFE133:
 373              		.section	.text.HAL_UART_MspDeInit,"ax",%progbits
 374              		.align	1
 375              		.global	HAL_UART_MspDeInit
 376              		.syntax unified
 377              		.thumb
 378              		.thumb_func
 379              		.fpu fpv4-sp-d16
 381              	HAL_UART_MspDeInit:
 382              	.LFB134:
 204:Src/stm32f4xx_hal_msp.c **** 
 205:Src/stm32f4xx_hal_msp.c **** /**
 206:Src/stm32f4xx_hal_msp.c **** * @brief UART MSP De-Initialization
 207:Src/stm32f4xx_hal_msp.c **** * This function freeze the hardware resources used in this example
 208:Src/stm32f4xx_hal_msp.c **** * @param huart: UART handle pointer
 209:Src/stm32f4xx_hal_msp.c **** * @retval None
 210:Src/stm32f4xx_hal_msp.c **** */
 211:Src/stm32f4xx_hal_msp.c **** void HAL_UART_MspDeInit(UART_HandleTypeDef* huart)
 212:Src/stm32f4xx_hal_msp.c **** {
 383              		.loc 1 212 0
 384              		.cfi_startproc
 385              		@ args = 0, pretend = 0, frame = 0
 386              		@ frame_needed = 0, uses_anonymous_args = 0
 387              	.LVL17:
 388 0000 08B5     		push	{r3, lr}
 389              	.LCFI11:
 390              		.cfi_def_cfa_offset 8
 391              		.cfi_offset 3, -8
 392              		.cfi_offset 14, -4
 213:Src/stm32f4xx_hal_msp.c ****   if(huart->Instance==UART7)
 393              		.loc 1 213 0
 394 0002 0268     		ldr	r2, [r0]
ARM GAS  C:\Users\wfairman\AppData\Local\Temp\ccIVZIhh.s 			page 12


 395 0004 074B     		ldr	r3, .L32
 396 0006 9A42     		cmp	r2, r3
 397 0008 00D0     		beq	.L31
 398              	.LVL18:
 399              	.L28:
 214:Src/stm32f4xx_hal_msp.c ****   {
 215:Src/stm32f4xx_hal_msp.c ****   /* USER CODE BEGIN UART7_MspDeInit 0 */
 216:Src/stm32f4xx_hal_msp.c **** 
 217:Src/stm32f4xx_hal_msp.c ****   /* USER CODE END UART7_MspDeInit 0 */
 218:Src/stm32f4xx_hal_msp.c ****     /* Peripheral clock disable */
 219:Src/stm32f4xx_hal_msp.c ****     __HAL_RCC_UART7_CLK_DISABLE();
 220:Src/stm32f4xx_hal_msp.c ****   
 221:Src/stm32f4xx_hal_msp.c ****     /**UART7 GPIO Configuration    
 222:Src/stm32f4xx_hal_msp.c ****     PE7     ------> UART7_RX
 223:Src/stm32f4xx_hal_msp.c ****     PE8     ------> UART7_TX 
 224:Src/stm32f4xx_hal_msp.c ****     */
 225:Src/stm32f4xx_hal_msp.c ****     HAL_GPIO_DeInit(GPIOE, GPIO_PIN_7|GPIO_PIN_8);
 226:Src/stm32f4xx_hal_msp.c **** 
 227:Src/stm32f4xx_hal_msp.c ****   /* USER CODE BEGIN UART7_MspDeInit 1 */
 228:Src/stm32f4xx_hal_msp.c **** 
 229:Src/stm32f4xx_hal_msp.c ****   /* USER CODE END UART7_MspDeInit 1 */
 230:Src/stm32f4xx_hal_msp.c ****   }
 231:Src/stm32f4xx_hal_msp.c **** 
 232:Src/stm32f4xx_hal_msp.c **** }
 400              		.loc 1 232 0
 401 000a 08BD     		pop	{r3, pc}
 402              	.LVL19:
 403              	.L31:
 219:Src/stm32f4xx_hal_msp.c ****   
 404              		.loc 1 219 0
 405 000c 064A     		ldr	r2, .L32+4
 406 000e 136C     		ldr	r3, [r2, #64]
 407 0010 23F08043 		bic	r3, r3, #1073741824
 408 0014 1364     		str	r3, [r2, #64]
 225:Src/stm32f4xx_hal_msp.c **** 
 409              		.loc 1 225 0
 410 0016 4FF4C071 		mov	r1, #384
 411 001a 0448     		ldr	r0, .L32+8
 412              	.LVL20:
 413 001c FFF7FEFF 		bl	HAL_GPIO_DeInit
 414              	.LVL21:
 415              		.loc 1 232 0
 416 0020 F3E7     		b	.L28
 417              	.L33:
 418 0022 00BF     		.align	2
 419              	.L32:
 420 0024 00780040 		.word	1073772544
 421 0028 00380240 		.word	1073887232
 422 002c 00100240 		.word	1073876992
 423              		.cfi_endproc
 424              	.LFE134:
 426              		.section	.text.HAL_PCD_MspInit,"ax",%progbits
 427              		.align	1
 428              		.global	HAL_PCD_MspInit
 429              		.syntax unified
 430              		.thumb
 431              		.thumb_func
ARM GAS  C:\Users\wfairman\AppData\Local\Temp\ccIVZIhh.s 			page 13


 432              		.fpu fpv4-sp-d16
 434              	HAL_PCD_MspInit:
 435              	.LFB135:
 233:Src/stm32f4xx_hal_msp.c **** 
 234:Src/stm32f4xx_hal_msp.c **** /**
 235:Src/stm32f4xx_hal_msp.c **** * @brief PCD MSP Initialization
 236:Src/stm32f4xx_hal_msp.c **** * This function configures the hardware resources used in this example
 237:Src/stm32f4xx_hal_msp.c **** * @param hpcd: PCD handle pointer
 238:Src/stm32f4xx_hal_msp.c **** * @retval None
 239:Src/stm32f4xx_hal_msp.c **** */
 240:Src/stm32f4xx_hal_msp.c **** void HAL_PCD_MspInit(PCD_HandleTypeDef* hpcd)
 241:Src/stm32f4xx_hal_msp.c **** {
 436              		.loc 1 241 0
 437              		.cfi_startproc
 438              		@ args = 0, pretend = 0, frame = 32
 439              		@ frame_needed = 0, uses_anonymous_args = 0
 440              	.LVL22:
 441 0000 30B5     		push	{r4, r5, lr}
 442              	.LCFI12:
 443              		.cfi_def_cfa_offset 12
 444              		.cfi_offset 4, -12
 445              		.cfi_offset 5, -8
 446              		.cfi_offset 14, -4
 447 0002 89B0     		sub	sp, sp, #36
 448              	.LCFI13:
 449              		.cfi_def_cfa_offset 48
 242:Src/stm32f4xx_hal_msp.c ****   GPIO_InitTypeDef GPIO_InitStruct = {0};
 450              		.loc 1 242 0
 451 0004 0023     		movs	r3, #0
 452 0006 0393     		str	r3, [sp, #12]
 453 0008 0493     		str	r3, [sp, #16]
 454 000a 0593     		str	r3, [sp, #20]
 455 000c 0693     		str	r3, [sp, #24]
 456 000e 0793     		str	r3, [sp, #28]
 243:Src/stm32f4xx_hal_msp.c ****   if(hpcd->Instance==USB_OTG_FS)
 457              		.loc 1 243 0
 458 0010 0368     		ldr	r3, [r0]
 459 0012 B3F1A04F 		cmp	r3, #1342177280
 460 0016 01D0     		beq	.L37
 461              	.LVL23:
 462              	.L34:
 244:Src/stm32f4xx_hal_msp.c ****   {
 245:Src/stm32f4xx_hal_msp.c ****   /* USER CODE BEGIN USB_OTG_FS_MspInit 0 */
 246:Src/stm32f4xx_hal_msp.c **** 
 247:Src/stm32f4xx_hal_msp.c ****   /* USER CODE END USB_OTG_FS_MspInit 0 */
 248:Src/stm32f4xx_hal_msp.c ****   
 249:Src/stm32f4xx_hal_msp.c ****     __HAL_RCC_GPIOA_CLK_ENABLE();
 250:Src/stm32f4xx_hal_msp.c ****     /**USB_OTG_FS GPIO Configuration    
 251:Src/stm32f4xx_hal_msp.c ****     PA11     ------> USB_OTG_FS_DM
 252:Src/stm32f4xx_hal_msp.c ****     PA12     ------> USB_OTG_FS_DP 
 253:Src/stm32f4xx_hal_msp.c ****     */
 254:Src/stm32f4xx_hal_msp.c ****     GPIO_InitStruct.Pin = GPIO_PIN_11|GPIO_PIN_12;
 255:Src/stm32f4xx_hal_msp.c ****     GPIO_InitStruct.Mode = GPIO_MODE_AF_PP;
 256:Src/stm32f4xx_hal_msp.c ****     GPIO_InitStruct.Pull = GPIO_NOPULL;
 257:Src/stm32f4xx_hal_msp.c ****     GPIO_InitStruct.Speed = GPIO_SPEED_FREQ_VERY_HIGH;
 258:Src/stm32f4xx_hal_msp.c ****     GPIO_InitStruct.Alternate = GPIO_AF10_OTG_FS;
 259:Src/stm32f4xx_hal_msp.c ****     HAL_GPIO_Init(GPIOA, &GPIO_InitStruct);
ARM GAS  C:\Users\wfairman\AppData\Local\Temp\ccIVZIhh.s 			page 14


 260:Src/stm32f4xx_hal_msp.c **** 
 261:Src/stm32f4xx_hal_msp.c ****     /* Peripheral clock enable */
 262:Src/stm32f4xx_hal_msp.c ****     __HAL_RCC_USB_OTG_FS_CLK_ENABLE();
 263:Src/stm32f4xx_hal_msp.c ****   /* USER CODE BEGIN USB_OTG_FS_MspInit 1 */
 264:Src/stm32f4xx_hal_msp.c **** 
 265:Src/stm32f4xx_hal_msp.c ****   /* USER CODE END USB_OTG_FS_MspInit 1 */
 266:Src/stm32f4xx_hal_msp.c ****   }
 267:Src/stm32f4xx_hal_msp.c **** 
 268:Src/stm32f4xx_hal_msp.c **** }
 463              		.loc 1 268 0
 464 0018 09B0     		add	sp, sp, #36
 465              	.LCFI14:
 466              		.cfi_remember_state
 467              		.cfi_def_cfa_offset 12
 468              		@ sp needed
 469 001a 30BD     		pop	{r4, r5, pc}
 470              	.LVL24:
 471              	.L37:
 472              	.LCFI15:
 473              		.cfi_restore_state
 474              	.LBB8:
 249:Src/stm32f4xx_hal_msp.c ****     /**USB_OTG_FS GPIO Configuration    
 475              		.loc 1 249 0
 476 001c 0025     		movs	r5, #0
 477 001e 0195     		str	r5, [sp, #4]
 478 0020 124C     		ldr	r4, .L38
 479 0022 236B     		ldr	r3, [r4, #48]
 480 0024 43F00103 		orr	r3, r3, #1
 481 0028 2363     		str	r3, [r4, #48]
 482 002a 236B     		ldr	r3, [r4, #48]
 483 002c 03F00103 		and	r3, r3, #1
 484 0030 0193     		str	r3, [sp, #4]
 485 0032 019B     		ldr	r3, [sp, #4]
 486              	.LBE8:
 254:Src/stm32f4xx_hal_msp.c ****     GPIO_InitStruct.Mode = GPIO_MODE_AF_PP;
 487              		.loc 1 254 0
 488 0034 4FF4C053 		mov	r3, #6144
 489 0038 0393     		str	r3, [sp, #12]
 255:Src/stm32f4xx_hal_msp.c ****     GPIO_InitStruct.Pull = GPIO_NOPULL;
 490              		.loc 1 255 0
 491 003a 0223     		movs	r3, #2
 492 003c 0493     		str	r3, [sp, #16]
 257:Src/stm32f4xx_hal_msp.c ****     GPIO_InitStruct.Alternate = GPIO_AF10_OTG_FS;
 493              		.loc 1 257 0
 494 003e 0323     		movs	r3, #3
 495 0040 0693     		str	r3, [sp, #24]
 258:Src/stm32f4xx_hal_msp.c ****     HAL_GPIO_Init(GPIOA, &GPIO_InitStruct);
 496              		.loc 1 258 0
 497 0042 0A23     		movs	r3, #10
 498 0044 0793     		str	r3, [sp, #28]
 259:Src/stm32f4xx_hal_msp.c **** 
 499              		.loc 1 259 0
 500 0046 03A9     		add	r1, sp, #12
 501 0048 0948     		ldr	r0, .L38+4
 502              	.LVL25:
 503 004a FFF7FEFF 		bl	HAL_GPIO_Init
 504              	.LVL26:
ARM GAS  C:\Users\wfairman\AppData\Local\Temp\ccIVZIhh.s 			page 15


 262:Src/stm32f4xx_hal_msp.c ****   /* USER CODE BEGIN USB_OTG_FS_MspInit 1 */
 505              		.loc 1 262 0
 506 004e 636B     		ldr	r3, [r4, #52]
 507 0050 43F08003 		orr	r3, r3, #128
 508 0054 6363     		str	r3, [r4, #52]
 509              	.LBB9:
 510 0056 0295     		str	r5, [sp, #8]
 511 0058 636C     		ldr	r3, [r4, #68]
 512 005a 43F48043 		orr	r3, r3, #16384
 513 005e 6364     		str	r3, [r4, #68]
 514 0060 636C     		ldr	r3, [r4, #68]
 515 0062 03F48043 		and	r3, r3, #16384
 516 0066 0293     		str	r3, [sp, #8]
 517 0068 029B     		ldr	r3, [sp, #8]
 518              	.LBE9:
 519              		.loc 1 268 0
 520 006a D5E7     		b	.L34
 521              	.L39:
 522              		.align	2
 523              	.L38:
 524 006c 00380240 		.word	1073887232
 525 0070 00000240 		.word	1073872896
 526              		.cfi_endproc
 527              	.LFE135:
 529              		.section	.text.HAL_PCD_MspDeInit,"ax",%progbits
 530              		.align	1
 531              		.global	HAL_PCD_MspDeInit
 532              		.syntax unified
 533              		.thumb
 534              		.thumb_func
 535              		.fpu fpv4-sp-d16
 537              	HAL_PCD_MspDeInit:
 538              	.LFB136:
 269:Src/stm32f4xx_hal_msp.c **** 
 270:Src/stm32f4xx_hal_msp.c **** /**
 271:Src/stm32f4xx_hal_msp.c **** * @brief PCD MSP De-Initialization
 272:Src/stm32f4xx_hal_msp.c **** * This function freeze the hardware resources used in this example
 273:Src/stm32f4xx_hal_msp.c **** * @param hpcd: PCD handle pointer
 274:Src/stm32f4xx_hal_msp.c **** * @retval None
 275:Src/stm32f4xx_hal_msp.c **** */
 276:Src/stm32f4xx_hal_msp.c **** void HAL_PCD_MspDeInit(PCD_HandleTypeDef* hpcd)
 277:Src/stm32f4xx_hal_msp.c **** {
 539              		.loc 1 277 0
 540              		.cfi_startproc
 541              		@ args = 0, pretend = 0, frame = 0
 542              		@ frame_needed = 0, uses_anonymous_args = 0
 543              	.LVL27:
 544 0000 08B5     		push	{r3, lr}
 545              	.LCFI16:
 546              		.cfi_def_cfa_offset 8
 547              		.cfi_offset 3, -8
 548              		.cfi_offset 14, -4
 278:Src/stm32f4xx_hal_msp.c ****   if(hpcd->Instance==USB_OTG_FS)
 549              		.loc 1 278 0
 550 0002 0368     		ldr	r3, [r0]
 551 0004 B3F1A04F 		cmp	r3, #1342177280
 552 0008 00D0     		beq	.L43
ARM GAS  C:\Users\wfairman\AppData\Local\Temp\ccIVZIhh.s 			page 16


 553              	.LVL28:
 554              	.L40:
 279:Src/stm32f4xx_hal_msp.c ****   {
 280:Src/stm32f4xx_hal_msp.c ****   /* USER CODE BEGIN USB_OTG_FS_MspDeInit 0 */
 281:Src/stm32f4xx_hal_msp.c **** 
 282:Src/stm32f4xx_hal_msp.c ****   /* USER CODE END USB_OTG_FS_MspDeInit 0 */
 283:Src/stm32f4xx_hal_msp.c ****     /* Peripheral clock disable */
 284:Src/stm32f4xx_hal_msp.c ****     __HAL_RCC_USB_OTG_FS_CLK_DISABLE();
 285:Src/stm32f4xx_hal_msp.c ****   
 286:Src/stm32f4xx_hal_msp.c ****     /**USB_OTG_FS GPIO Configuration    
 287:Src/stm32f4xx_hal_msp.c ****     PA11     ------> USB_OTG_FS_DM
 288:Src/stm32f4xx_hal_msp.c ****     PA12     ------> USB_OTG_FS_DP 
 289:Src/stm32f4xx_hal_msp.c ****     */
 290:Src/stm32f4xx_hal_msp.c ****     HAL_GPIO_DeInit(GPIOA, GPIO_PIN_11|GPIO_PIN_12);
 291:Src/stm32f4xx_hal_msp.c **** 
 292:Src/stm32f4xx_hal_msp.c ****   /* USER CODE BEGIN USB_OTG_FS_MspDeInit 1 */
 293:Src/stm32f4xx_hal_msp.c **** 
 294:Src/stm32f4xx_hal_msp.c ****   /* USER CODE END USB_OTG_FS_MspDeInit 1 */
 295:Src/stm32f4xx_hal_msp.c ****   }
 296:Src/stm32f4xx_hal_msp.c **** 
 297:Src/stm32f4xx_hal_msp.c **** }
 555              		.loc 1 297 0
 556 000a 08BD     		pop	{r3, pc}
 557              	.LVL29:
 558              	.L43:
 284:Src/stm32f4xx_hal_msp.c ****   
 559              		.loc 1 284 0
 560 000c 054A     		ldr	r2, .L44
 561 000e 536B     		ldr	r3, [r2, #52]
 562 0010 23F08003 		bic	r3, r3, #128
 563 0014 5363     		str	r3, [r2, #52]
 290:Src/stm32f4xx_hal_msp.c **** 
 564              		.loc 1 290 0
 565 0016 4FF4C051 		mov	r1, #6144
 566 001a 0348     		ldr	r0, .L44+4
 567              	.LVL30:
 568 001c FFF7FEFF 		bl	HAL_GPIO_DeInit
 569              	.LVL31:
 570              		.loc 1 297 0
 571 0020 F3E7     		b	.L40
 572              	.L45:
 573 0022 00BF     		.align	2
 574              	.L44:
 575 0024 00380240 		.word	1073887232
 576 0028 00000240 		.word	1073872896
 577              		.cfi_endproc
 578              	.LFE136:
 580              		.text
 581              	.Letext0:
 582              		.file 2 "c:\\gnutoolsarmembedded\\7-2017-q4-major\\arm-none-eabi\\include\\machine\\_default_types
 583              		.file 3 "c:\\gnutoolsarmembedded\\7-2017-q4-major\\arm-none-eabi\\include\\sys\\_stdint.h"
 584              		.file 4 "Drivers/CMSIS/Include/core_cm4.h"
 585              		.file 5 "Drivers/CMSIS/Device/ST/STM32F4xx/Include/system_stm32f4xx.h"
 586              		.file 6 "Drivers/CMSIS/Device/ST/STM32F4xx/Include/stm32f427xx.h"
 587              		.file 7 "Drivers/STM32F4xx_HAL_Driver/Inc/stm32f4xx_hal_def.h"
 588              		.file 8 "Drivers/STM32F4xx_HAL_Driver/Inc/stm32f4xx_hal_gpio.h"
 589              		.file 9 "Drivers/STM32F4xx_HAL_Driver/Inc/stm32f4xx_hal_dma.h"
ARM GAS  C:\Users\wfairman\AppData\Local\Temp\ccIVZIhh.s 			page 17


 590              		.file 10 "Drivers/STM32F4xx_HAL_Driver/Inc/stm32f4xx_hal_spi.h"
 591              		.file 11 "Drivers/STM32F4xx_HAL_Driver/Inc/stm32f4xx_hal_uart.h"
 592              		.file 12 "Drivers/STM32F4xx_HAL_Driver/Inc/stm32f4xx_ll_usb.h"
 593              		.file 13 "Drivers/STM32F4xx_HAL_Driver/Inc/stm32f4xx_hal_pcd.h"
 594              		.file 14 "Drivers/STM32F4xx_HAL_Driver/Inc/stm32f4xx_hal.h"
 595              		.file 15 "Inc/main.h"
ARM GAS  C:\Users\wfairman\AppData\Local\Temp\ccIVZIhh.s 			page 18


DEFINED SYMBOLS
                            *ABS*:00000000 stm32f4xx_hal_msp.c
C:\Users\wfairman\AppData\Local\Temp\ccIVZIhh.s:18     .text.HAL_MspInit:00000000 $t
C:\Users\wfairman\AppData\Local\Temp\ccIVZIhh.s:25     .text.HAL_MspInit:00000000 HAL_MspInit
C:\Users\wfairman\AppData\Local\Temp\ccIVZIhh.s:69     .text.HAL_MspInit:00000034 $d
C:\Users\wfairman\AppData\Local\Temp\ccIVZIhh.s:74     .text.HAL_SPI_MspInit:00000000 $t
C:\Users\wfairman\AppData\Local\Temp\ccIVZIhh.s:81     .text.HAL_SPI_MspInit:00000000 HAL_SPI_MspInit
C:\Users\wfairman\AppData\Local\Temp\ccIVZIhh.s:208    .text.HAL_SPI_MspInit:00000098 $d
C:\Users\wfairman\AppData\Local\Temp\ccIVZIhh.s:216    .text.HAL_SPI_MspDeInit:00000000 $t
C:\Users\wfairman\AppData\Local\Temp\ccIVZIhh.s:223    .text.HAL_SPI_MspDeInit:00000000 HAL_SPI_MspDeInit
C:\Users\wfairman\AppData\Local\Temp\ccIVZIhh.s:265    .text.HAL_SPI_MspDeInit:00000028 $d
C:\Users\wfairman\AppData\Local\Temp\ccIVZIhh.s:272    .text.HAL_UART_MspInit:00000000 $t
C:\Users\wfairman\AppData\Local\Temp\ccIVZIhh.s:279    .text.HAL_UART_MspInit:00000000 HAL_UART_MspInit
C:\Users\wfairman\AppData\Local\Temp\ccIVZIhh.s:368    .text.HAL_UART_MspInit:0000006c $d
C:\Users\wfairman\AppData\Local\Temp\ccIVZIhh.s:374    .text.HAL_UART_MspDeInit:00000000 $t
C:\Users\wfairman\AppData\Local\Temp\ccIVZIhh.s:381    .text.HAL_UART_MspDeInit:00000000 HAL_UART_MspDeInit
C:\Users\wfairman\AppData\Local\Temp\ccIVZIhh.s:420    .text.HAL_UART_MspDeInit:00000024 $d
C:\Users\wfairman\AppData\Local\Temp\ccIVZIhh.s:427    .text.HAL_PCD_MspInit:00000000 $t
C:\Users\wfairman\AppData\Local\Temp\ccIVZIhh.s:434    .text.HAL_PCD_MspInit:00000000 HAL_PCD_MspInit
C:\Users\wfairman\AppData\Local\Temp\ccIVZIhh.s:524    .text.HAL_PCD_MspInit:0000006c $d
C:\Users\wfairman\AppData\Local\Temp\ccIVZIhh.s:530    .text.HAL_PCD_MspDeInit:00000000 $t
C:\Users\wfairman\AppData\Local\Temp\ccIVZIhh.s:537    .text.HAL_PCD_MspDeInit:00000000 HAL_PCD_MspDeInit
C:\Users\wfairman\AppData\Local\Temp\ccIVZIhh.s:575    .text.HAL_PCD_MspDeInit:00000024 $d

UNDEFINED SYMBOLS
HAL_GPIO_Init
HAL_DMA_Init
Error_Handler
hdma_spi1_rx
HAL_GPIO_DeInit
HAL_DMA_DeInit
